<?xml version="1.0" encoding="UTF-8"?>
<!-- Generated by org.testng.reporters.JUnitReportReporter -->
<testsuite hostname="LAPTOP-4S1GC75Q" failures="0" tests="1" name="com.pomAutomationTest.ActionWithAlertsTest" time="53.585" errors="0" timestamp="2022-04-11T15:36:21 IST" skipped="0">
  <testcase classname="com.pomAutomationTest.ActionWithAlertsTest" name="AutomationDemo" time="53.585"/>
  <system-out/>
</testsuite> <!-- com.pomAutomationTest.ActionWithAlertsTest -->
