<?xml version="1.0" encoding="UTF-8"?>
<!-- Generated by org.testng.reporters.JUnitReportReporter -->
<testsuite hostname="LAPTOP-4S1GC75Q" failures="0" tests="1" name="com.MouseInterractionTest.DragAnddrop" time="61.439" errors="0" timestamp="2022-05-24T09:48:14 IST" skipped="0">
  <testcase classname="com.MouseInterractionTest.DragAnddrop" name="dragandDrop" time="61.439"/>
  <system-out/>
</testsuite> <!-- com.MouseInterractionTest.DragAnddrop -->
