<?xml version="1.0" encoding="UTF-8"?>
<!-- Generated by org.testng.reporters.JUnitReportReporter -->
<testsuite hostname="LAPTOP-4S1GC75Q" failures="0" tests="1" name="com.MouseInterractionTest.MxplayerAction" time="69.987" errors="0" timestamp="2022-06-01T11:41:47 IST" skipped="0">
  <testcase classname="com.MouseInterractionTest.MxplayerAction" name="mxpalyertest" time="69.987"/>
  <system-out/>
</testsuite> <!-- com.MouseInterractionTest.MxplayerAction -->
