<?xml version="1.0" encoding="UTF-8"?>
<!-- Generated by org.testng.reporters.JUnitReportReporter -->
<testsuite hostname="LAPTOP-4S1GC75Q" failures="0" tests="1" name="com.LoginpageTest.MxplayerAction" time="33.301" errors="0" timestamp="2022-05-23T12:16:07 IST" skipped="0">
  <testcase classname="com.LoginpageTest.MxplayerAction" name="mxpalyertest" time="33.301"/>
  <system-out/>
</testsuite> <!-- com.LoginpageTest.MxplayerAction -->
