<?xml version="1.0" encoding="UTF-8"?>
<!-- Generated by org.testng.reporters.JUnitReportReporter -->
<testsuite hostname="LAPTOP-4S1GC75Q" failures="0" tests="1" name="com.RegistrationTest.ExcelRegistrationtest" time="0.000" errors="0" timestamp="2022-02-25T23:29:16 IST" skipped="1">
  <testcase classname="com.RegistrationTest.ExcelRegistrationtest" name="excelRegData" time="0.000">
    <skipped/>
  </testcase> <!-- excelRegData -->
  <system-out/>
</testsuite> <!-- com.RegistrationTest.ExcelRegistrationtest -->
