<?xml version="1.0" encoding="UTF-8"?>
<!-- Generated by org.testng.reporters.JUnitReportReporter -->
<testsuite hostname="LAPTOP-4S1GC75Q" failures="0" tests="1" name="com.AmazonTest.AmazonTest" time="24.152" errors="0" timestamp="2023-06-23T22:11:59 IST" skipped="0">
  <testcase classname="com.AmazonTest.AmazonTest" name="amazon" time="24.152"/>
  <system-out/>
</testsuite> <!-- com.AmazonTest.AmazonTest -->
