<?xml version="1.0" encoding="UTF-8"?>
<!-- Generated by org.testng.reporters.JUnitReportReporter -->
<testsuite hostname="LAPTOP-4S1GC75Q" failures="0" tests="2" name="com.ParallelExecution.OpeningTwoWebsitesParallel" time="291.101" errors="0" timestamp="2022-03-28T13:56:35 IST" skipped="0">
  <testcase classname="com.ParallelExecution.OpeningTwoWebsitesParallel" name="flipkart" time="152.721"/>
  <system-out/>
  <testcase classname="com.ParallelExecution.OpeningTwoWebsitesParallel" name="amazon" time="138.380"/>
  <system-out/>
</testsuite> <!-- com.ParallelExecution.OpeningTwoWebsitesParallel -->
