<?xml version="1.0" encoding="UTF-8"?>
<!-- Generated by org.testng.reporters.JUnitReportReporter -->
<testsuite hostname="LAPTOP-4S1GC75Q" failures="0" tests="1" name="com.MukeshTest.WebTable" time="44.666" errors="0" timestamp="2022-05-30T13:03:34 IST" skipped="0">
  <testcase classname="com.MukeshTest.WebTable" name="verifytable" time="44.666"/>
  <system-out/>
</testsuite> <!-- com.MukeshTest.WebTable -->
