<?xml version="1.0" encoding="UTF-8"?>
<!-- Generated by org.testng.reporters.JUnitReportReporter -->
<testsuite hostname="LAPTOP-4S1GC75Q" failures="0" tests="1" name="com.LoginPageTest.GitLoginTest" time="55.662" errors="0" timestamp="2022-02-26T18:04:00 IST" skipped="0">
  <testcase classname="com.LoginPageTest.GitLoginTest" name="validLogin" time="55.662"/>
  <system-out/>
</testsuite> <!-- com.LoginPageTest.GitLoginTest -->
